[19-10-19 20:15:19] System.IO.DirectoryNotFoundException: Could not find a part of the path 'C:\Users\luisf\Desktop\Desenvolvimento\Server\Src - UDP3 RM\pbserver_game\bin\Debug\config\game.ini'.
   at System.IO.__Error.WinIOError(Int32 errorCode, String maybeFullPath)
   at System.IO.FileStream.Init(String path, FileMode mode, FileAccess access, Int32 rights, Boolean useRights, FileShare share, Int32 bufferSize, FileOptions options, SECURITY_ATTRIBUTES secAttrs, String msgPath, Boolean bFromProxy, Boolean useLongPath, Boolean checkHost)
   at System.IO.FileStream..ctor(String path, FileMode mode, FileAccess access, FileShare share, Int32 bufferSize, FileOptions options, String msgPath, Boolean bFromProxy, Boolean useLongPath, Boolean checkHost)
   at System.IO.StreamReader..ctor(String path, Encoding encoding, Boolean detectEncodingFromByteOrderMarks, Int32 bufferSize, Boolean checkHost)
   at System.IO.StreamReader..ctor(String path)
   at Core.ConfigFile.LoadStrings() in C:\Users\luisf\Desktop\Desenvolvimento\Server\Src - UDP3 RM\pbserver_data\ConfigFile.cs:line 31
[19-10-19 20:15:21] System.TypeInitializationException: The type initializer for 'Core.sql.SQLjec' threw an exception. ---> System.ArgumentOutOfRangeException: Invalid port: 0
Parameter name: value
Actual value was 0.
   at Npgsql.NpgsqlConnectionStringBuilder.set_Port(Int32 value)
   at Core.sql.SQLjec..ctor() in C:\Users\luisf\Desktop\Desenvolvimento\Server\Src - UDP3 RM\pbserver_data\sql\SQLjec.cs:line 18
   at Core.sql.SQLjec..cctor() in C:\Users\luisf\Desktop\Desenvolvimento\Server\Src - UDP3 RM\pbserver_data\sql\SQLjec.cs:line 9
   --- End of inner exception stack trace ---
   at Core.sql.SQLjec.getInstance()
   at Core.xml.BasicInventoryXML.Load() in C:\Users\luisf\Desktop\Desenvolvimento\Server\Src - UDP3 RM\pbserver_data\xml\BasicInventoryXML.cs:line 18
[19-10-19 20:15:21] System.TypeInitializationException: The type initializer for 'Core.sql.SQLjec' threw an exception. ---> System.ArgumentOutOfRangeException: Invalid port: 0
Parameter name: value
Actual value was 0.
   at Npgsql.NpgsqlConnectionStringBuilder.set_Port(Int32 value)
   at Core.sql.SQLjec..ctor() in C:\Users\luisf\Desktop\Desenvolvimento\Server\Src - UDP3 RM\pbserver_data\sql\SQLjec.cs:line 18
   at Core.sql.SQLjec..cctor() in C:\Users\luisf\Desktop\Desenvolvimento\Server\Src - UDP3 RM\pbserver_data\sql\SQLjec.cs:line 9
   --- End of inner exception stack trace ---
   at Core.sql.SQLjec.getInstance()
   at Core.xml.ServersXML.Load() in C:\Users\luisf\Desktop\Desenvolvimento\Server\Src - UDP3 RM\pbserver_data\xml\ServersXML.cs:line 30
[19-10-19 20:15:21] System.TypeInitializationException: The type initializer for 'Core.sql.SQLjec' threw an exception. ---> System.ArgumentOutOfRangeException: Invalid port: 0
Parameter name: value
Actual value was 0.
   at Npgsql.NpgsqlConnectionStringBuilder.set_Port(Int32 value)
   at Core.sql.SQLjec..ctor() in C:\Users\luisf\Desktop\Desenvolvimento\Server\Src - UDP3 RM\pbserver_data\sql\SQLjec.cs:line 18
   at Core.sql.SQLjec..cctor() in C:\Users\luisf\Desktop\Desenvolvimento\Server\Src - UDP3 RM\pbserver_data\sql\SQLjec.cs:line 9
   --- End of inner exception stack trace ---
   at Core.sql.SQLjec.getInstance()
   at Game.data.xml.ChannelsXML.Load(Int32 serverId) in C:\Users\luisf\Desktop\Desenvolvimento\Server\Src - UDP3 RM\pbserver_game\data\xml\ChannelsXML.cs:line 28
[19-10-19 20:15:21] System.TypeInitializationException: The type initializer for 'Core.sql.SQLjec' threw an exception. ---> System.ArgumentOutOfRangeException: Invalid port: 0
Parameter name: value
Actual value was 0.
   at Npgsql.NpgsqlConnectionStringBuilder.set_Port(Int32 value)
   at Core.sql.SQLjec..ctor() in C:\Users\luisf\Desktop\Desenvolvimento\Server\Src - UDP3 RM\pbserver_data\sql\SQLjec.cs:line 18
   at Core.sql.SQLjec..cctor() in C:\Users\luisf\Desktop\Desenvolvimento\Server\Src - UDP3 RM\pbserver_data\sql\SQLjec.cs:line 9
   --- End of inner exception stack trace ---
   at Core.sql.SQLjec.getInstance()
   at Core.managers.events.EventVisitSyncer.GenerateList() in C:\Users\luisf\Desktop\Desenvolvimento\Server\Src - UDP3 RM\pbserver_data\managers\events\EventVisitSyncer.cs:line 18
[19-10-19 20:15:21] System.TypeInitializationException: The type initializer for 'Core.sql.SQLjec' threw an exception. ---> System.ArgumentOutOfRangeException: Invalid port: 0
Parameter name: value
Actual value was 0.
   at Npgsql.NpgsqlConnectionStringBuilder.set_Port(Int32 value)
   at Core.sql.SQLjec..ctor() in C:\Users\luisf\Desktop\Desenvolvimento\Server\Src - UDP3 RM\pbserver_data\sql\SQLjec.cs:line 18
   at Core.sql.SQLjec..cctor() in C:\Users\luisf\Desktop\Desenvolvimento\Server\Src - UDP3 RM\pbserver_data\sql\SQLjec.cs:line 9
   --- End of inner exception stack trace ---
   at Core.sql.SQLjec.getInstance()
   at Core.managers.events.EventLoginSyncer.GenerateList() in C:\Users\luisf\Desktop\Desenvolvimento\Server\Src - UDP3 RM\pbserver_data\managers\events\EventLoginSyncer.cs:line 17
[19-10-19 20:15:21] System.TypeInitializationException: The type initializer for 'Core.sql.SQLjec' threw an exception. ---> System.ArgumentOutOfRangeException: Invalid port: 0
Parameter name: value
Actual value was 0.
   at Npgsql.NpgsqlConnectionStringBuilder.set_Port(Int32 value)
   at Core.sql.SQLjec..ctor() in C:\Users\luisf\Desktop\Desenvolvimento\Server\Src - UDP3 RM\pbserver_data\sql\SQLjec.cs:line 18
   at Core.sql.SQLjec..cctor() in C:\Users\luisf\Desktop\Desenvolvimento\Server\Src - UDP3 RM\pbserver_data\sql\SQLjec.cs:line 9
   --- End of inner exception stack trace ---
   at Core.sql.SQLjec.getInstance()
   at Core.managers.events.EventQuestSyncer.GenerateList() in C:\Users\luisf\Desktop\Desenvolvimento\Server\Src - UDP3 RM\pbserver_data\managers\events\EventQuestSyncer.cs:line 18
[19-10-19 20:15:21] System.TypeInitializationException: The type initializer for 'Core.sql.SQLjec' threw an exception. ---> System.ArgumentOutOfRangeException: Invalid port: 0
Parameter name: value
Actual value was 0.
   at Npgsql.NpgsqlConnectionStringBuilder.set_Port(Int32 value)
   at Core.sql.SQLjec..ctor() in C:\Users\luisf\Desktop\Desenvolvimento\Server\Src - UDP3 RM\pbserver_data\sql\SQLjec.cs:line 18
   at Core.sql.SQLjec..cctor() in C:\Users\luisf\Desktop\Desenvolvimento\Server\Src - UDP3 RM\pbserver_data\sql\SQLjec.cs:line 9
   --- End of inner exception stack trace ---
   at Core.sql.SQLjec.getInstance()
   at Core.managers.events.EventXmasSyncer.GenerateList() in C:\Users\luisf\Desktop\Desenvolvimento\Server\Src - UDP3 RM\pbserver_data\managers\events\EventXmasSyncer.cs:line 16
[19-10-19 20:15:21] System.TypeInitializationException: The type initializer for 'Core.sql.SQLjec' threw an exception. ---> System.ArgumentOutOfRangeException: Invalid port: 0
Parameter name: value
Actual value was 0.
   at Npgsql.NpgsqlConnectionStringBuilder.set_Port(Int32 value)
   at Core.sql.SQLjec..ctor() in C:\Users\luisf\Desktop\Desenvolvimento\Server\Src - UDP3 RM\pbserver_data\sql\SQLjec.cs:line 18
   at Core.sql.SQLjec..cctor() in C:\Users\luisf\Desktop\Desenvolvimento\Server\Src - UDP3 RM\pbserver_data\sql\SQLjec.cs:line 9
   --- End of inner exception stack trace ---
   at Core.sql.SQLjec.getInstance()
   at Game.data.managers.ClanManager.Load() in C:\Users\luisf\Desktop\Desenvolvimento\Server\Src - UDP3 RM\pbserver_game\data\managers\ClanManager.cs:line 20
[19-10-19 20:15:21] System.TypeInitializationException: The type initializer for 'Core.sql.SQLjec' threw an exception. ---> System.ArgumentOutOfRangeException: Invalid port: 0
Parameter name: value
Actual value was 0.
   at Npgsql.NpgsqlConnectionStringBuilder.set_Port(Int32 value)
   at Core.sql.SQLjec..ctor() in C:\Users\luisf\Desktop\Desenvolvimento\Server\Src - UDP3 RM\pbserver_data\sql\SQLjec.cs:line 18
   at Core.sql.SQLjec..cctor() in C:\Users\luisf\Desktop\Desenvolvimento\Server\Src - UDP3 RM\pbserver_data\sql\SQLjec.cs:line 9
   --- End of inner exception stack trace ---
   at Core.sql.SQLjec.getInstance()
   at Core.xml.RankXML.LoadAwards() in C:\Users\luisf\Desktop\Desenvolvimento\Server\Src - UDP3 RM\pbserver_data\xml\RankXML.cs:line 93
[19-10-19 20:15:21] System.TypeInitializationException: The type initializer for 'Core.sql.SQLjec' threw an exception. ---> System.ArgumentOutOfRangeException: Invalid port: 0
Parameter name: value
Actual value was 0.
   at Npgsql.NpgsqlConnectionStringBuilder.set_Port(Int32 value)
   at Core.sql.SQLjec..ctor() in C:\Users\luisf\Desktop\Desenvolvimento\Server\Src - UDP3 RM\pbserver_data\sql\SQLjec.cs:line 18
   at Core.sql.SQLjec..cctor() in C:\Users\luisf\Desktop\Desenvolvimento\Server\Src - UDP3 RM\pbserver_data\sql\SQLjec.cs:line 9
   --- End of inner exception stack trace ---
   at Core.sql.SQLjec.getInstance()
   at Core.xml.MissionsXML.Load() in C:\Users\luisf\Desktop\Desenvolvimento\Server\Src - UDP3 RM\pbserver_data\xml\MissionsXML.cs:line 17
