[19-11-27 21:14:27] System.TimeoutException: O tempo limite da operação acabou.
   em Npgsql.NpgsqlConnector.Connect(NpgsqlTimeout timeout)
   em Npgsql.NpgsqlConnector.<RawOpen>d__153.MoveNext()
--- Fim do rastreamento de pilha do local anterior onde a exceção foi gerada ---
   em System.Runtime.ExceptionServices.ExceptionDispatchInfo.Throw()
   em System.Runtime.CompilerServices.TaskAwaiter.HandleNonSuccessAndDebuggerNotification(Task task)
   em Npgsql.NpgsqlConnector.<Open>d__149.MoveNext()
--- Fim do rastreamento de pilha do local anterior onde a exceção foi gerada ---
   em System.Runtime.ExceptionServices.ExceptionDispatchInfo.Throw()
   em Npgsql.ConnectorPool.<AllocateLong>d__19.MoveNext()
--- Fim do rastreamento de pilha do local anterior onde a exceção foi gerada ---
   em System.Runtime.ExceptionServices.ExceptionDispatchInfo.Throw()
   em System.Runtime.CompilerServices.TaskAwaiter.HandleNonSuccessAndDebuggerNotification(Task task)
   em Npgsql.NpgsqlConnection.<>c__DisplayClass32_0.<<Open>g__OpenLong|0>d.MoveNext()
--- Fim do rastreamento de pilha do local anterior onde a exceção foi gerada ---
   em System.Runtime.ExceptionServices.ExceptionDispatchInfo.Throw()
   em System.Runtime.CompilerServices.TaskAwaiter.HandleNonSuccessAndDebuggerNotification(Task task)
   em Npgsql.NpgsqlConnection.Open()
   em Core.xml.BasicInventoryXML.Load() na C:\Users\luisf\Desktop\Desenvolvimento\Server\Src - UDP3 RM\pbserver_data\xml\BasicInventoryXML.cs:linha 22
[19-11-27 21:14:43] System.TimeoutException: O tempo limite da operação acabou.
   em Npgsql.NpgsqlConnector.Connect(NpgsqlTimeout timeout)
   em Npgsql.NpgsqlConnector.<RawOpen>d__153.MoveNext()
--- Fim do rastreamento de pilha do local anterior onde a exceção foi gerada ---
   em System.Runtime.ExceptionServices.ExceptionDispatchInfo.Throw()
   em System.Runtime.CompilerServices.TaskAwaiter.HandleNonSuccessAndDebuggerNotification(Task task)
   em Npgsql.NpgsqlConnector.<Open>d__149.MoveNext()
--- Fim do rastreamento de pilha do local anterior onde a exceção foi gerada ---
   em System.Runtime.ExceptionServices.ExceptionDispatchInfo.Throw()
   em Npgsql.ConnectorPool.<AllocateLong>d__19.MoveNext()
--- Fim do rastreamento de pilha do local anterior onde a exceção foi gerada ---
   em System.Runtime.ExceptionServices.ExceptionDispatchInfo.Throw()
   em System.Runtime.CompilerServices.TaskAwaiter.HandleNonSuccessAndDebuggerNotification(Task task)
   em Npgsql.NpgsqlConnection.<>c__DisplayClass32_0.<<Open>g__OpenLong|0>d.MoveNext()
--- Fim do rastreamento de pilha do local anterior onde a exceção foi gerada ---
   em System.Runtime.ExceptionServices.ExceptionDispatchInfo.Throw()
   em System.Runtime.CompilerServices.TaskAwaiter.HandleNonSuccessAndDebuggerNotification(Task task)
   em Npgsql.NpgsqlConnection.Open()
   em Game.data.xml.ChannelsXML.Load(Int32 serverId) na C:\Users\luisf\Desktop\Desenvolvimento\Server\Src - UDP3 RM\pbserver_game\data\xml\ChannelsXML.cs:linha 32
